<?xml version="1.0" encoding="UTF-8"?>
<!-- Generated by org.testng.reporters.JUnitReportReporter -->
<testsuite skipped="0" hostname="DESKTOP-MHEKL4H" name="Runner.AppTest2" tests="1" failures="0" timestamp="20 Dec 2018 15:28:22 GMT" time="0.426" errors="0">
  <testcase name="runScenario" time="0.426" classname="Runner.AppTest2"/>
</testsuite> <!-- Runner.AppTest2 -->
