<?xml version="1.0" encoding="UTF-8"?>
<!-- Generated by org.testng.reporters.JUnitReportReporter -->
<testsuite skipped="0" hostname="DESKTOP-MHEKL4H" name="Runner.AppTest" tests="1" failures="0" timestamp="21 Dec 2018 16:18:20 GMT" time="41.199" errors="0">
  <testcase name="runScenario" time="41.199" classname="Runner.AppTest"/>
</testsuite> <!-- Runner.AppTest -->
